# JRE version: Java(TM) SE Runtime Environment (7.0_51-b13) (build 1.7.0_51-b13)
# Java VM: Java HotSpot(TM) 64-Bit Server VM (24.51-b03 mixed mode bsd-amd64 compressed oops)
Heap
 PSYoungGen      total 76800K, used 16334K [0x00000007aaa80000, 0x00000007b4080000, 0x0000000800000000)
  eden space 66048K, 12% used [0x00000007aaa80000,0x00000007ab29a608,0x00000007aeb00000)
  from space 10752K, 74% used [0x00000007aeb00000,0x00000007af2d9320,0x00000007af580000)
  to   space 10752K, 0% used [0x00000007b3600000,0x00000007b3600000,0x00000007b4080000)
 ParOldGen       total 174592K, used 49909K [0x0000000700000000, 0x000000070aa80000, 0x00000007aaa80000)
  object space 174592K, 28% used [0x0000000700000000,0x00000007030bd618,0x000000070aa80000)
 PSPermGen       total 21504K, used 16897K [0x00000006fae00000, 0x00000006fc300000, 0x0000000700000000)
  object space 21504K, 78% used [0x00000006fae00000,0x00000006fbe80510,0x00000006fc300000)
GC Heap History (6 events):
Event: 2.956 GC heap before
{Heap before GC invocations=1 (full 0):
 PSYoungGen      total 76800K, used 66048K [0x00000007aaa80000, 0x00000007b0000000, 0x0000000800000000)
  eden space 66048K, 100% used [0x00000007aaa80000,0x00000007aeb00000,0x00000007aeb00000)
  from space 10752K, 0% used [0x00000007af580000,0x00000007af580000,0x00000007b0000000)
  to   space 10752K, 0% used [0x00000007aeb00000,0x00000007aeb00000,0x00000007af580000)
 ParOldGen       total 174592K, used 0K [0x0000000700000000, 0x000000070aa80000, 0x00000007aaa80000)
  object space 174592K, 0% used [0x0000000700000000,0x0000000700000000,0x000000070aa80000)
 PSPermGen       total 21504K, used 16144K [0x00000006fae00000, 0x00000006fc300000, 0x0000000700000000)
  object space 21504K, 75% used [0x00000006fae00000,0x00000006fbdc42c0,0x00000006fc300000)
Event: 2.975 GC heap after
Heap after GC invocations=1 (full 0):
 PSYoungGen      total 76800K, used 10735K [0x00000007aaa80000, 0x00000007b0000000, 0x0000000800000000)
  eden space 66048K, 0% used [0x00000007aaa80000,0x00000007aaa80000,0x00000007aeb00000)
  from space 10752K, 99% used [0x00000007aeb00000,0x00000007af57bf50,0x00000007af580000)
  to   space 10752K, 0% used [0x00000007af580000,0x00000007af580000,0x00000007b0000000)
 ParOldGen       total 174592K, used 49893K [0x0000000700000000, 0x000000070aa80000, 0x00000007aaa80000)
  object space 174592K, 28% used [0x0000000700000000,0x00000007030b9618,0x000000070aa80000)
 PSPermGen       total 21504K, used 16144K [0x00000006fae00000, 0x00000006fc300000, 0x0000000700000000)
  object space 21504K, 75% used [0x00000006fae00000,0x00000006fbdc42c0,0x00000006fc300000)
}
Event: 3.315 GC heap before
{Heap before GC invocations=2 (full 0):
 PSYoungGen      total 76800K, used 76782K [0x00000007aaa80000, 0x00000007b0000000, 0x0000000800000000)
  eden space 66048K, 99% used [0x00000007aaa80000,0x00000007aeaffb38,0x00000007aeb00000)
  from space 10752K, 99% used [0x00000007aeb00000,0x00000007af57bf50,0x00000007af580000)
  to   space 10752K, 0% used [0x00000007af580000,0x00000007af580000,0x00000007b0000000)
 ParOldGen       total 174592K, used 49893K [0x0000000700000000, 0x000000070aa80000, 0x00000007aaa80000)
  object space 174592K, 28% used [0x0000000700000000,0x00000007030b9618,0x000000070aa80000)
 PSPermGen       total 21504K, used 16327K [0x00000006fae00000, 0x00000006fc300000, 0x0000000700000000)
  object space 21504K, 75% used [0x00000006fae00000,0x00000006fbdf1f90,0x00000006fc300000)
Event: 3.321 GC heap after
Heap after GC invocations=2 (full 0):
 PSYoungGen      total 76800K, used 6282K [0x00000007aaa80000, 0x00000007b4080000, 0x0000000800000000)
  eden space 66048K, 0% used [0x00000007aaa80000,0x00000007aaa80000,0x00000007aeb00000)
  from space 10752K, 58% used [0x00000007af580000,0x00000007afba2840,0x00000007b0000000)
  to   space 10752K, 0% used [0x00000007aeb00000,0x00000007aeb00000,0x00000007af580000)
 ParOldGen       total 174592K, used 49901K [0x0000000700000000, 0x000000070aa80000, 0x00000007aaa80000)
  object space 174592K, 28% used [0x0000000700000000,0x00000007030bb618,0x000000070aa80000)
 PSPermGen       total 21504K, used 16327K [0x00000006fae00000, 0x00000006fc300000, 0x0000000700000000)
  object space 21504K, 75% used [0x00000006fae00000,0x00000006fbdf1f90,0x00000006fc300000)
}
Event: 4.249 GC heap before
{Heap before GC invocations=3 (full 0):
 PSYoungGen      total 76800K, used 72330K [0x00000007aaa80000, 0x00000007b4080000, 0x0000000800000000)
  eden space 66048K, 100% used [0x00000007aaa80000,0x00000007aeb00000,0x00000007aeb00000)
  from space 10752K, 58% used [0x00000007af580000,0x00000007afba2840,0x00000007b0000000)
  to   space 10752K, 0% used [0x00000007aeb00000,0x00000007aeb00000,0x00000007af580000)
 ParOldGen       total 174592K, used 49901K [0x0000000700000000, 0x000000070aa80000, 0x00000007aaa80000)
  object space 174592K, 28% used [0x0000000700000000,0x00000007030bb618,0x000000070aa80000)
 PSPermGen       total 21504K, used 16684K [0x00000006fae00000, 0x00000006fc300000, 0x0000000700000000)
  object space 21504K, 77% used [0x00000006fae00000,0x00000006fbe4b058,0x00000006fc300000)
Event: 4.255 GC heap after
Heap after GC invocations=3 (full 0):
 PSYoungGen      total 76800K, used 8036K [0x00000007aaa80000, 0x00000007b4080000, 0x0000000800000000)
  eden space 66048K, 0% used [0x00000007aaa80000,0x00000007aaa80000,0x00000007aeb00000)
  from space 10752K, 74% used [0x00000007aeb00000,0x00000007af2d9320,0x00000007af580000)
  to   space 10752K, 0% used [0x00000007b3600000,0x00000007b3600000,0x00000007b4080000)
 ParOldGen       total 174592K, used 49909K [0x0000000700000000, 0x000000070aa80000, 0x00000007aaa80000)
  object space 174592K, 28% used [0x0000000700000000,0x00000007030bd618,0x000000070aa80000)
 PSPermGen       total 21504K, used 16684K [0x00000006fae00000, 0x00000006fc300000, 0x0000000700000000)
  object space 21504K, 77% used [0x00000006fae00000,0x00000006fbe4b058,0x00000006fc300000)
}

